proguard.cfg
# To enable ProGuard in your project, edit project.properties
# to define the proguard.config property as described in that file.
#
# Add project specific ProGuard rules here.
# By default, the flags in this file are appended to flags specified
# in ${sdk.dir}/tools/proguard/proguard-android.txt
# You can edit the include path and order by changing the ProGuard
# include property in project.properties.
#
# For more details, see
#   http://developer.android.com/guide/developing/tools/proguard.html

# Add any project specific keep options here:

# If your project uses WebView with JS, uncomment the following
# and specify the fully qualified class name to the JavaScript interface
# class:
#-keepclassmembers class fqcn.of.javascript.interface.for.webview {
#   public *;
#}

-renamesourcefileattribute SourceFile
-keepattributes Signature,RuntimeVisibleAnnotations,AnnotationDefault,SourceFile,LineNumberTable

# move all renamed classes to the default package
-repackageclasses
# inline wherever possible 
-allowaccessmodification 

# from proguard-android-optimize
-optimizations !code/simplification/arithmetic,!code/simplification/cast,!field/*,!class/merging/*
-optimizationpasses 5
-dontpreverify

# for google play services
# see https://developer.android.com/google/play-services/setup.html
-keep class * extends java.util.ListResourceBundle {
    protected Object[][] getContents();
}

# actionbar sherlock: (http://actionbarsherlock.com/faq.html)
-keep class android.support.v4.app.** { *; }
-keep interface android.support.v4.app.** { *; }
-keep class com.actionbarsherlock.** { *; }
-keep interface com.actionbarsherlock.** { *; }

-keepattributes *Annotation*

# keep appsi home plugin api classes and fields
-keepclassmembers public class com.appsimobile.appsisupport.internal.* { *; }