proguard_logs/seeds.txt
com.appsimobile.appsihomeplugins.NetworkStateBroadcastReceiver
com.appsimobile.appsihomeplugins.NetworkStateBroadcastReceiver: NetworkStateBroadcastReceiver()
com.appsimobile.appsihomeplugins.R$array: int pref_calendar_look_ahead_hours_display_names
com.appsimobile.appsihomeplugins.R$array: int pref_calendar_look_ahead_hours_values
com.appsimobile.appsihomeplugins.R$array: int pref_daydream_animation_display_names
com.appsimobile.appsihomeplugins.R$array: int pref_daydream_animation_values
com.appsimobile.appsihomeplugins.R$array: int pref_gmail_label_display_names
com.appsimobile.appsihomeplugins.R$array: int pref_gmail_label_inbox_values
com.appsimobile.appsihomeplugins.R$array: int pref_homescreen_background_opacity_display_names
com.appsimobile.appsihomeplugins.R$array: int pref_homescreen_background_opacity_values
com.appsimobile.appsihomeplugins.R$array: int pref_weather_units_display_names
com.appsimobile.appsihomeplugins.R$array: int pref_weather_units_values
com.appsimobile.appsihomeplugins.R$attr: int allowUseDefault
com.appsimobile.appsihomeplugins.R$attr: int choices
com.appsimobile.appsihomeplugins.R$attr: int itemLayout
com.appsimobile.appsihomeplugins.R$attr: int numColumns
com.appsimobile.appsihomeplugins.R$drawable: int ab_transparent_dark_holo
com.appsimobile.appsihomeplugins.R$drawable: int app_logo
com.appsimobile.appsihomeplugins.R$drawable: int ic_disconnected
com.appsimobile.appsihomeplugins.R$drawable: int ic_extension_calendar
com.appsimobile.appsihomeplugins.R$drawable: int ic_extension_gmail
com.appsimobile.appsihomeplugins.R$drawable: int ic_extension_missed_calls
com.appsimobile.appsihomeplugins.R$drawable: int ic_extension_next_alarm
com.appsimobile.appsihomeplugins.R$drawable: int ic_extension_sms
com.appsimobile.appsihomeplugins.R$drawable: int ic_extension_voicemail
com.appsimobile.appsihomeplugins.R$drawable: int ic_logo_missed_calls
com.appsimobile.appsihomeplugins.R$drawable: int ic_logo_profile
com.appsimobile.appsihomeplugins.R$drawable: int ic_logo_toggle
com.appsimobile.appsihomeplugins.R$drawable: int ic_mobile_conn
com.appsimobile.appsihomeplugins.R$drawable: int ic_plugin_downloads
com.appsimobile.appsihomeplugins.R$drawable: int ic_plugin_tethering
com.appsimobile.appsihomeplugins.R$drawable: int ic_plugins
com.appsimobile.appsihomeplugins.R$drawable: int ic_settings_bluetooth2
com.appsimobile.appsihomeplugins.R$drawable: int ic_settings_data
com.appsimobile.appsihomeplugins.R$drawable: int ic_settings_wireless
com.appsimobile.appsihomeplugins.R$drawable: int ic_weather_clear
com.appsimobile.appsihomeplugins.R$drawable: int ic_weather_cloudy
com.appsimobile.appsihomeplugins.R$drawable: int ic_weather_foggy
com.appsimobile.appsihomeplugins.R$id: int apps_list
com.appsimobile.appsihomeplugins.R$id: int calendar_checkbox
com.appsimobile.appsihomeplugins.R$id: int location_query
com.appsimobile.appsihomeplugins.R$id: int pager
com.appsimobile.appsihomeplugins.R$id: int shortcuts_list
com.appsimobile.appsihomeplugins.R$id: int tab
com.appsimobile.appsihomeplugins.R$layout: int dialog_app_chooser
com.appsimobile.appsihomeplugins.R$layout: int dialog_weather_location_chooser
com.appsimobile.appsihomeplugins.R$layout: int list_item_calendar
com.appsimobile.appsihomeplugins.R$layout: int list_item_intent
com.appsimobile.appsihomeplugins.R$layout: int list_item_weather_location_result
com.appsimobile.appsihomeplugins.R$layout: int tab
...
android.support.v4.app.NotificationCompat
android.support.v4.app.NotificationCompat: int FLAG_HIGH_PRIORITY
android.support.v4.app.NotificationCompat: int PRIORITY_DEFAULT
android.support.v4.app.NotificationCompat: int PRIORITY_LOW
android.support.v4.app.NotificationCompat: int PRIORITY_MIN
android.support.v4.app.NotificationCompat: int PRIORITY_HIGH
android.support.v4.app.NotificationCompat: int PRIORITY_MAX
android.support.v4.app.NotificationCompat: android.support.v4.app.NotificationCompat$NotificationCompatImpl IMPL
android.support.v4.app.NotificationCompat: NotificationCompat()
android.support.v4.app.NotificationCompat: android.support.v4.app.NotificationCompat$NotificationCompatImpl access$000()
android.support.v4.app.NotificationCompat: void <clinit>()
android.support.v4.app.NotificationCompat$Action
android.support.v4.app.NotificationCompat$Action: int icon
android.support.v4.app.NotificationCompat$Action: java.lang.CharSequence title
android.support.v4.app.NotificationCompat$Action: android.app.PendingIntent actionIntent
android.support.v4.app.NotificationCompat$Action: NotificationCompat$Action(int,java.lang.CharSequence,android.app.PendingIntent)
android.support.v4.app.NotificationCompat$BigPictureStyle
android.support.v4.app.NotificationCompat$BigPictureStyle: android.graphics.Bitmap mPicture
android.support.v4.app.NotificationCompat$BigPictureStyle: android.graphics.Bitmap mBigLargeIcon
android.support.v4.app.NotificationCompat$BigPictureStyle: boolean mBigLargeIconSet
android.support.v4.app.NotificationCompat$BigPictureStyle: NotificationCompat$BigPictureStyle()
android.support.v4.app.NotificationCompat$BigPictureStyle: NotificationCompat$BigPictureStyle(android.support.v4.app.NotificationCompat$Builder)
android.support.v4.app.NotificationCompat$BigPictureStyle: android.support.v4.app.NotificationCompat$BigPictureStyle setBigContentTitle(java.lang.CharSequence)
android.support.v4.app.NotificationCompat$BigPictureStyle: android.support.v4.app.NotificationCompat$BigPictureStyle setSummaryText(java.lang.CharSequence)
android.support.v4.app.NotificationCompat$BigPictureStyle: android.support.v4.app.NotificationCompat$BigPictureStyle bigPicture(android.graphics.Bitmap)
android.support.v4.app.NotificationCompat$BigPictureStyle: android.support.v4.app.NotificationCompat$BigPictureStyle bigLargeIcon(android.graphics.Bitmap)
android.support.v4.app.NotificationCompat$BigTextStyle
android.support.v4.app.NotificationCompat$BigTextStyle: java.lang.CharSequence mBigText
android.support.v4.app.NotificationCompat$BigTextStyle: NotificationCompat$BigTextStyle()
android.support.v4.app.NotificationCompat$BigTextStyle: NotificationCompat$BigTextStyle(android.support.v4.app.NotificationCompat$Builder)
android.support.v4.app.NotificationCompat$BigTextStyle: android.support.v4.app.NotificationCompat$BigTextStyle setBigContentTitle(java.lang.CharSequence)
android.support.v4.app.NotificationCompat$BigTextStyle: android.support.v4.app.NotificationCompat$BigTextStyle setSummaryText(java.lang.CharSequence)
android.support.v4.app.NotificationCompat$BigTextStyle: android.support.v4.app.NotificationCompat$BigTextStyle bigText(java.lang.CharSequence)