proguard_logs/mapping.txt
com.appsimobile.appsihomeplugins.DashClockHomeExtension -> ek:
    android.content.Context mContext -> a
    30:30:android.content.Context getContext() -> a
    34:34:java.lang.String getString(int) -> a
    38:38:java.lang.String getString(int,java.lang.Object[]) -> a
    42:42:android.content.res.Resources getResources() -> b
    46:46:android.content.ContentResolver getContentResolver() -> c
    53:53:android.content.pm.PackageManager getPackageManager() -> d
    void onUpdateData(com.appsimobile.appsisupport.internal.FieldValues$Builder) -> a
    void onInitialize(com.appsimobile.appsisupport.home.FieldsBuilder) -> a
com.appsimobile.appsihomeplugins.NetworkStateBroadcastReceiver -> com.appsimobile.appsihomeplugins.NetworkStateBroadcastReceiver:
    16:17:void onReceive(android.content.Context,android.content.Intent) -> onReceive
com.appsimobile.appsihomeplugins.R -> el:
com.appsimobile.appsihomeplugins.R$styleable -> em:
    int[] AppChooserPreference -> AppChooserPreference
    int AppChooserPreference_allowUseDefault -> AppChooserPreference_allowUseDefault
    int[] ColorPreference -> ColorPreference
    int ColorPreference_choices -> ColorPreference_choices
    int ColorPreference_itemLayout -> ColorPreference_itemLayout
    int ColorPreference_numColumns -> ColorPreference_numColumns
com.appsimobile.appsihomeplugins.dashclock.LogUtils -> en:
    java.lang.String TAG -> a
    int LOG_PREFIX_LENGTH -> b
    39:43:java.lang.String makeLogTag(java.lang.String) -> a
    50:50:java.lang.String makeLogTag(java.lang.Class) -> a
    55:58:void LOGD(java.lang.String,java.lang.String) -> a
    90:91:void LOGW(java.lang.String,java.lang.String) -> b
    94:95:void LOGW(java.lang.String,java.lang.String,java.lang.Throwable) -> a
    98:99:void LOGE(java.lang.String,java.lang.String) -> c
    102:103:void LOGE(java.lang.String,java.lang.String,java.lang.Throwable) -> b
com.appsimobile.appsihomeplugins.dashclock.Utils -> eo:
    java.lang.String TAG -> a
    java.lang.String[] CLOCK_PACKAGES -> b
    java.lang.Class[] sPhoneOnlyExtensions -> c
    59:64:java.net.HttpURLConnection openUrlConnection(java.lang.String) -> a
    106:114:android.content.Intent getDefaultClockIntent(android.content.Context) -> a
    119:129:android.content.Intent getDefaultAlarmsIntent(android.content.Context) -> b
com.appsimobile.appsihomeplugins.dashclock.calendar.CalendarExtension -> ep:
    java.lang.String TAG -> a
    int mLookAheadHours -> b
    79:105:java.util.List getAllCalendars(android.content.Context) -> a
    109:124:java.util.Set getSelectedCalendars() -> e
    129:146:void onInitialize(com.appsimobile.appsisupport.home.FieldsBuilder) -> a
    150:337:void onUpdateData(com.appsimobile.appsisupport.internal.FieldValues$Builder) -> a
    340:340:long getCurrentTimestamp() -> f
    344:384:android.database.Cursor tryOpenEventsCursor(boolean) -> a
    389:407:java.lang.String generateCalendarSelection() -> g
com.appsimobile.appsihomeplugins.dashclock.calendar.CalendarExtension$CalendarsQuery -> eq:
    java.lang.String[] PROJECTION -> a
com.appsimobile.appsihomeplugins.dashclock.calendar.CalendarExtension$EventsQuery -> er:
    java.lang.String[] PROJECTION -> a
com.appsimobile.appsihomeplugins.dashclock.calendar.CalendarSelectionPreference -> com.appsimobile.appsihomeplugins.dashclock.calendar.CalendarSelectionPreference:
    com.appsimobile.appsihomeplugins.dashclock.calendar.CalendarSelectionPreference$CalendarListAdapter mAdapter -> a
    com.appsimobile.appsihomeplugins.dashclock.calendar.CalendarSelectionPreference$QueryHandler mQueryHandler -> b
    java.util.Set mSelectedCalendars -> c
    80:97:void onPrepareDialogBuilder(android.app.AlertDialog$Builder) -> onPrepareDialogBuilder
    116:116:java.lang.Object onGetDefaultValue(android.content.res.TypedArray,int) -> onGetDefaultValue
    42:42:java.util.Set access$000(com.appsimobile.appsihomeplugins.dashclock.calendar.CalendarSelectionPreference) -> a
...
android.support.v4.view.ViewPager$Decor -> cb:
android.support.v4.view.ViewPager$ItemInfo -> cc:
    java.lang.Object object -> a
    int position -> b
    boolean scrolling -> c
    float widthFactor -> d
    float offset -> e
android.support.v4.view.ViewPager$LayoutParams -> cd:
    boolean isDecor -> a
    int gravity -> b
    float widthFactor -> c
    boolean needsMeasure -> d
    int position -> e
    int childIndex -> f
android.support.v4.view.ViewPager$MyAccessibilityDelegate -> ce:
    android.support.v4.view.ViewPager this$0 -> b
    2750:2760:void onInitializeAccessibilityEvent(android.view.View,android.view.accessibility.AccessibilityEvent) -> d
    2764:2773:void onInitializeAccessibilityNodeInfo(android.view.View,android.support.v4.view.accessibility.AccessibilityNodeInfoCompat) -> a
    2777:2794:boolean performAccessibilityAction(android.view.View,int,android.os.Bundle) -> a
    2798:2798:boolean canScroll() -> b
android.support.v4.view.ViewPager$OnAdapterChangeListener -> cf:
    void onAdapterChanged(android.support.v4.view.PagerAdapter,android.support.v4.view.PagerAdapter) -> a
android.support.v4.view.ViewPager$OnPageChangeListener -> cg:
    void onPageScrolled(int,float,int) -> a
    void onPageSelected(int) -> a
    void onPageScrollStateChanged(int) -> b
android.support.v4.view.ViewPager$PageTransformer -> ch:
    void transformPage(android.view.View,float) -> a
android.support.v4.view.ViewPager$PagerObserver -> ci:
    android.support.v4.view.ViewPager this$0 -> a
    2805:2806:void onChanged() -> onChanged
    2809:2810:void onInvalidated() -> onInvalidated
android.support.v4.view.ViewPager$SavedState -> android.support.v4.view.ViewPager$SavedState:
    int position -> a
    android.os.Parcelable adapterState -> b
    java.lang.ClassLoader loader -> c
    android.os.Parcelable$Creator CREATOR -> CREATOR
    1224:1227:void writeToParcel(android.os.Parcel,int) -> writeToParcel
    1231:1231:java.lang.String toString() -> toString
android.support.v4.view.ViewPager$SavedState$1 -> cj:
    1240:1240:android.support.v4.view.ViewPager$SavedState createFromParcel(android.os.Parcel,java.lang.ClassLoader) -> b
    1244:1244:android.support.v4.view.ViewPager$SavedState[] newArray(int) -> b
    1237:1237:java.lang.Object[] newArray(int) -> a
    1237:1237:java.lang.Object createFromParcel(android.os.Parcel,java.lang.ClassLoader) -> a
android.support.v4.view.ViewPager$SimpleOnPageChangeListener -> ck:
    296:296:void onPageScrolled(int,float,int) -> a
    301:301:void onPageSelected(int) -> a
    306:306:void onPageScrollStateChanged(int) -> b
android.support.v4.view.ViewPager$ViewPositionComparator -> cl:
    2868:2873:int compare(android.view.View,android.view.View) -> a
    2865:2865:int compare(java.lang.Object,java.lang.Object) -> compare