proguard_logs/usage.txt
com.appsimobile.appsihomeplugins.BuildConfig
com.appsimobile.appsihomeplugins.DashClockHomeExtension:
    public static final int DASHCLOCK_EXTENSION_CALENDAR
    public static final int DASHCLOCK_EXTENSION_GMAIL
    public static final int DASHCLOCK_EXTENSION_NEXT_ALARM
    public static final int DASHCLOCK_EXTENSION_MISSED_CALLS
    public static final int DASHCLOCK_EXTENSION_SMS
    public static final int DASHCLOCK_EXTENSION_WEATHER
    50:50:public java.lang.Object getSystemService(java.lang.String)
com.appsimobile.appsihomeplugins.R:
    10:271:public R()
com.appsimobile.appsihomeplugins.R$array
com.appsimobile.appsihomeplugins.R$attr
com.appsimobile.appsihomeplugins.R$drawable
com.appsimobile.appsihomeplugins.R$id
com.appsimobile.appsihomeplugins.R$layout
com.appsimobile.appsihomeplugins.R$plurals
com.appsimobile.appsihomeplugins.R$string
com.appsimobile.appsihomeplugins.R$styleable:
    271:271:public R$styleable()
com.appsimobile.appsihomeplugins.R$xml
com.appsimobile.appsihomeplugins.dashclock.BackupAgent
com.appsimobile.appsihomeplugins.dashclock.LogAttachmentProvider
com.appsimobile.appsihomeplugins.dashclock.LogUtils:
    private static final java.lang.String LOG_PREFIX
    private static final int MAX_LOG_TAG_LENGTH
    62:65:public static void LOGD(java.lang.String,java.lang.String,java.lang.Throwable)
    72:72:public static void LOGV(java.lang.String,java.lang.String)
    79:79:public static void LOGV(java.lang.String,java.lang.String,java.lang.Throwable)
    82:83:public static void LOGI(java.lang.String,java.lang.String)
    86:87:public static void LOGI(java.lang.String,java.lang.String,java.lang.Throwable)
    106:116:private static void deleteRecursive(java.io.File)
com.appsimobile.appsihomeplugins.dashclock.Utils:
    private static final java.lang.String USER_AGENT
    public static final int EXTENSION_ICON_SIZE
    68:81:public static android.graphics.Bitmap flattenExtensionIcon(android.graphics.drawable.Drawable,int)
    85:85:public static android.graphics.Bitmap flattenExtensionIcon(android.content.Context,android.graphics.Bitmap,int)
    89:102:public static android.graphics.Bitmap recolorBitmap(android.graphics.drawable.BitmapDrawable,int)
    134:173:public static android.graphics.Bitmap loadExtensionIcon(android.content.Context,android.content.ComponentName,int,android.net.Uri,int)
    178:209:public static android.graphics.Bitmap loadExtensionIconFromUri(android.content.Context,android.net.Uri)
    218:227:public static void enableDisablePhoneOnlyExtensions(android.content.Context)
com.appsimobile.appsihomeplugins.dashclock.calendar.CalendarExtension:
    public static final java.lang.String PREF_CUSTOM_VISIBILITY
    public static final java.lang.String PREF_SELECTED_CALENDARS
    public static final java.lang.String PREF_LOOK_AHEAD_HOURS
    public static final java.lang.String PREF_SHOW_ALL_DAY
    private static final java.lang.String SQL_TAUTOLOGY
    private static final long MINUTE_MILLIS
    private static final long HOUR_MILLIS
    public static final long NOW_BUFFER_TIME_MILLIS
    private static final int DEFAULT_LOOK_AHEAD_HOURS
com.appsimobile.appsihomeplugins.dashclock.calendar.CalendarExtension$CalendarsQuery:
    public static final int ID
    public static final int VISIBLE
com.appsimobile.appsihomeplugins.dashclock.calendar.CalendarExtension$EventsQuery:
    public static final int EVENT_ID
    public static final int BEGIN
    public static final int END
    public static final int TITLE
    public static final int EVENT_LOCATION
    public static final int ALL_DAY
com.appsimobile.appsihomeplugins.dashclock.calendar.CalendarSelectionPreference$CalendarQuery:
    public static final int ID
    public static final int CALENDAR_DISPLAY_NAME
    public static final int ACCOUNT_NAME
...
android.support.v4.view.ViewParentCompat$ViewParentCompatImpl
android.support.v4.view.ViewParentCompat$ViewParentCompatStubImpl
android.support.v4.view.ViewParentCompatICS
android.support.v4.view.WindowCompat
android.support.v4.view.accessibility.AccessibilityEventCompat
android.support.v4.view.accessibility.AccessibilityEventCompat$AccessibilityEventIcsImpl
android.support.v4.view.accessibility.AccessibilityEventCompat$AccessibilityEventStubImpl
android.support.v4.view.accessibility.AccessibilityEventCompat$AccessibilityEventVersionImpl
android.support.v4.view.accessibility.AccessibilityEventCompatIcs
android.support.v4.view.accessibility.AccessibilityManagerCompat
android.support.v4.view.accessibility.AccessibilityManagerCompat$AccessibilityManagerIcsImpl
android.support.v4.view.accessibility.AccessibilityManagerCompat$AccessibilityManagerIcsImpl$1
android.support.v4.view.accessibility.AccessibilityManagerCompat$AccessibilityManagerStubImpl
android.support.v4.view.accessibility.AccessibilityManagerCompat$AccessibilityManagerVersionImpl
android.support.v4.view.accessibility.AccessibilityManagerCompat$AccessibilityStateChangeListenerCompat
android.support.v4.view.accessibility.AccessibilityManagerCompatIcs
android.support.v4.view.accessibility.AccessibilityManagerCompatIcs$1
android.support.v4.view.accessibility.AccessibilityManagerCompatIcs$AccessibilityStateChangeListenerBridge
android.support.v4.view.accessibility.AccessibilityNodeInfoCompat:
    public static final int ACTION_FOCUS
    public static final int ACTION_CLEAR_FOCUS
    public static final int ACTION_SELECT
    public static final int ACTION_CLEAR_SELECTION
    public static final int ACTION_CLICK
    public static final int ACTION_LONG_CLICK
    public static final int ACTION_ACCESSIBILITY_FOCUS
    public static final int ACTION_CLEAR_ACCESSIBILITY_FOCUS
    public static final int ACTION_NEXT_AT_MOVEMENT_GRANULARITY
    public static final int ACTION_PREVIOUS_AT_MOVEMENT_GRANULARITY
    public static final int ACTION_NEXT_HTML_ELEMENT
    public static final int ACTION_PREVIOUS_HTML_ELEMENT
    public static final int ACTION_SCROLL_FORWARD
    public static final int ACTION_SCROLL_BACKWARD
    public static final int ACTION_COPY
    public static final int ACTION_PASTE
    public static final int ACTION_CUT
    public static final int ACTION_SET_SELECTION
    public static final java.lang.String ACTION_ARGUMENT_MOVEMENT_GRANULARITY_INT
    public static final java.lang.String ACTION_ARGUMENT_HTML_ELEMENT_STRING
    public static final java.lang.String ACTION_ARGUMENT_EXTEND_SELECTION_BOOLEAN
    public static final java.lang.String ACTION_ARGUMENT_SELECTION_START_INT
    public static final java.lang.String ACTION_ARGUMENT_SELECTION_END_INT
    public static final int FOCUS_INPUT
    public static final int FOCUS_ACCESSIBILITY